<?xml version="1.0" encoding="UTF-8"?>
<!-- Generated by org.testng.reporters.JUnitXMLReporter -->
<testsuite ignored="0" hostname="DESKTOP-756FI5U" failures="0" tests="5" name="Default test" time="67.458" errors="0" timestamp="2026-02-27T02:08:51 IST">
  <testcase classname="testCases.TC_VD_Authentication" name="verifyUserRegistration" time="35.131"/>
  <testcase classname="testCases.TC_VD_Authentication" name="verifySignupWithExistingEmail" time="4.913"/>
  <testcase classname="testCases.TC_VD_Authentication" name="verifyInvalidLogin" time="4.889"/>
  <testcase classname="testCases.TC_VD_Authentication" name="verifyValidLogin" time="8.252"/>
  <testcase classname="testCases.TC_VD_Authentication" name="verifyLogout" time="3.177"/>
</testsuite> <!-- Default test -->
