<?xml version="1.0" encoding="UTF-8"?>
<!-- Generated by org.testng.reporters.JUnitXMLReporter -->
<testsuite ignored="0" hostname="LAPTOP-AR20B9G4" failures="4" tests="24" name="Test" time="1151.492" errors="0" timestamp="2026-02-27T23:02:36 IST">
  <testcase classname="testCases.TC_ST_CaartTests" name="@BeforeMethod setupPage" time="111.748">
    <failure type="org.openqa.selenium.NoSuchSessionException" message="invalid session id
Build info: version: &amp;apos;4.40.0&amp;apos;, revision: &amp;apos;b3333f1&amp;apos;
System info: os.name: &amp;apos;Windows 11&amp;apos;, os.arch: &amp;apos;amd64&amp;apos;, os.version: &amp;apos;10.0&amp;apos;, java.version: &amp;apos;21.0.9&amp;apos;
Driver info: org.openqa.selenium.chrome.ChromeDriver
Command: [ebae3e3d90356cf598c92e62ad02d952, getCurrentUrl {}]
Capabilities {acceptInsecureCerts: false, browserName: chrome, browserVersion: 145.0.7632.117, chrome: {chromedriverVersion: 145.0.7632.117 (de4e5d6e13b..., userDataDir: C:\Users\sanja\AppData\Loca...}, fedcm:accounts: true, goog:chromeOptions: {debuggerAddress: localhost:56864}, goog:processID: 38176, networkConnectionEnabled: false, pageLoadStrategy: normal, platformName: windows, proxy: Proxy(), se:cdp: ws://localhost:56864/devtoo..., se:cdpVersion: 145.0.7632.117, setWindowRect: true, strictFileInteractability: false, timeouts: {implicit: 0, pageLoad: 300000, script: 30000}, unhandledPromptBehavior: dismiss and notify, webauthn:extension:credBlob: true, webauthn:extension:largeBlob: true, webauthn:extension:minPinLength: true, webauthn:extension:prf: true, webauthn:virtualAuthenticators: true}
Session ID: ebae3e3d90356cf598c92e62ad02d952">
      <![CDATA[org.openqa.selenium.NoSuchSessionException: invalid session id
Build info: version: '4.40.0', revision: 'b3333f1'
System info: os.name: 'Windows 11', os.arch: 'amd64', os.version: '10.0', java.version: '21.0.9'
Driver info: org.openqa.selenium.chrome.ChromeDriver
Command: [ebae3e3d90356cf598c92e62ad02d952, getCurrentUrl {}]
Capabilities {acceptInsecureCerts: false, browserName: chrome, browserVersion: 145.0.7632.117, chrome: {chromedriverVersion: 145.0.7632.117 (de4e5d6e13b..., userDataDir: C:\Users\sanja\AppData\Loca...}, fedcm:accounts: true, goog:chromeOptions: {debuggerAddress: localhost:56864}, goog:processID: 38176, networkConnectionEnabled: false, pageLoadStrategy: normal, platformName: windows, proxy: Proxy(), se:cdp: ws://localhost:56864/devtoo..., se:cdpVersion: 145.0.7632.117, setWindowRect: true, strictFileInteractability: false, timeouts: {implicit: 0, pageLoad: 300000, script: 30000}, unhandledPromptBehavior: dismiss and notify, webauthn:extension:credBlob: true, webauthn:extension:largeBlob: true, webauthn:extension:minPinLength: true, webauthn:extension:prf: true, webauthn:virtualAuthenticators: true}
Session ID: ebae3e3d90356cf598c92e62ad02d952
at org.openqa.selenium.remote.ErrorCodec.decode(ErrorCodec.java:169)
at org.openqa.selenium.remote.codec.w3c.W3CHttpResponseCodec.decode(W3CHttpResponseCodec.java:142)
at org.openqa.selenium.remote.codec.w3c.W3CHttpResponseCodec.decode(W3CHttpResponseCodec.java:49)
at org.openqa.selenium.remote.HttpCommandExecutor.execute(HttpCommandExecutor.java:223)
at org.openqa.selenium.remote.service.DriverCommandExecutor.invokeExecute(DriverCommandExecutor.java:216)
at org.openqa.selenium.remote.service.DriverCommandExecutor.execute(DriverCommandExecutor.java:174)
at org.openqa.selenium.remote.RemoteWebDriver.execute(RemoteWebDriver.java:601)
at org.openqa.selenium.remote.RemoteWebDriver.execute(RemoteWebDriver.java:678)
at org.openqa.selenium.remote.RemoteWebDriver.execute(RemoteWebDriver.java:682)
at org.openqa.selenium.remote.RemoteWebDriver.getCurrentUrl(RemoteWebDriver.java:381)
at org.openqa.selenium.support.ui.ExpectedConditions$4.apply(ExpectedConditions.java:136)
at org.openqa.selenium.support.ui.ExpectedConditions$4.apply(ExpectedConditions.java:131)
at org.openqa.selenium.support.ui.FluentWait.until(FluentWait.java:207)
at pageObject.homePage.clickProducts(homePage.java:75)
at testCases.TC_ST_CaartTests.setupPage(TC_ST_CaartTests.java:30)
at java.base/java.util.ArrayList.forEach(ArrayList.java:1596)
... Removed 29 stack frames]]>
    </failure>
  </testcase> <!-- @BeforeMethod setupPage -->
  <testcase classname="testCases.BaseClass" name="@AfterClass tearDown" time="0.0">
    <skipped/>
  </testcase> <!-- @AfterClass tearDown -->
  <testcase classname="testCases.TC_ST_homePageTest" name="verifyLogoVisibility" time="0.105"/>
  <testcase classname="testCases.TC_ST_homePageTest" name="verifyNavbarNavigation" time="82.481"/>
  <testcase classname="testCases.TC_ST_homePageTest" name="verifySubscription" time="0.739"/>
  <testcase classname="testCases.TC_ST_homePageTest" name="verifyScrollUpFunctionality" time="0.495"/>
  <testcase classname="testCases.TC_ST_LoginTest" name="testNewUserSignup" time="5.827"/>
  <testcase classname="testCases.TC_ST_LoginTest" name="verifyValidLogin" time="3.384"/>
  <testcase classname="testCases.TC_ST_LoginTest" name="verifyInvalidLogin" time="22.475">
    <failure type="java.lang.AssertionError" message="Error message mismatch! expected [Your email or password is incorrect!] but found [Error element not found on page!]">
      <![CDATA[java.lang.AssertionError: Error message mismatch! expected [Your email or password is incorrect!] but found [Error element not found on page!]
at testCases.TC_ST_LoginTest.verifyInvalidLogin(TC_ST_LoginTest.java:54)
at java.base/java.util.ArrayList.forEach(ArrayList.java:1596)
... Removed 30 stack frames]]>
    </failure>
  </testcase> <!-- verifyInvalidLogin -->
  <testcase classname="testCases.TC_ST_LoginTest" name="verifyLogout" time="14.099">
    <failure type="org.openqa.selenium.NoSuchElementException" message="no such element: Unable to locate element: {&amp;quot;method&amp;quot;:&amp;quot;xpath&amp;quot;,&amp;quot;selector&amp;quot;:&amp;quot;//a[normalize-space()=&amp;apos;Logout&amp;apos;]&amp;quot;}
  (Session info: chrome=145.0.7632.117)
For documentation on this error, please visit: https://www.selenium.dev/documentation/webdriver/troubleshooting/errors#nosuchelementexception
Build info: version: &amp;apos;4.40.0&amp;apos;, revision: &amp;apos;b3333f1&amp;apos;
System info: os.name: &amp;apos;Windows 11&amp;apos;, os.arch: &amp;apos;amd64&amp;apos;, os.version: &amp;apos;10.0&amp;apos;, java.version: &amp;apos;21.0.9&amp;apos;
Driver info: org.openqa.selenium.chrome.ChromeDriver
Command: [2e209870979542450d3397c4c72883ba, findElement {using=xpath, value=//a[normalize-space()=&amp;apos;Logout&amp;apos;]}]
Capabilities {acceptInsecureCerts: false, browserName: chrome, browserVersion: 145.0.7632.117, chrome: {chromedriverVersion: 145.0.7632.117 (de4e5d6e13b..., userDataDir: C:\Users\sanja\AppData\Loca...}, fedcm:accounts: true, goog:chromeOptions: {debuggerAddress: localhost:57535}, goog:processID: 34988, networkConnectionEnabled: false, pageLoadStrategy: normal, platformName: windows, proxy: Proxy(), se:cdp: ws://localhost:57535/devtoo..., se:cdpVersion: 145.0.7632.117, setWindowRect: true, strictFileInteractability: false, timeouts: {implicit: 0, pageLoad: 300000, script: 30000}, unhandledPromptBehavior: dismiss and notify, webauthn:extension:credBlob: true, webauthn:extension:largeBlob: true, webauthn:extension:minPinLength: true, webauthn:extension:prf: true, webauthn:virtualAuthenticators: true}
Session ID: 2e209870979542450d3397c4c72883ba">
      <![CDATA[org.openqa.selenium.NoSuchElementException: no such element: Unable to locate element: {"method":"xpath","selector":"//a[normalize-space()='Logout']"}
  (Session info: chrome=145.0.7632.117)
For documentation on this error, please visit: https://www.selenium.dev/documentation/webdriver/troubleshooting/errors#nosuchelementexception
Build info: version: '4.40.0', revision: 'b3333f1'
System info: os.name: 'Windows 11', os.arch: 'amd64', os.version: '10.0', java.version: '21.0.9'
Driver info: org.openqa.selenium.chrome.ChromeDriver
Command: [2e209870979542450d3397c4c72883ba, findElement {using=xpath, value=//a[normalize-space()='Logout']}]
Capabilities {acceptInsecureCerts: false, browserName: chrome, browserVersion: 145.0.7632.117, chrome: {chromedriverVersion: 145.0.7632.117 (de4e5d6e13b..., userDataDir: C:\Users\sanja\AppData\Loca...}, fedcm:accounts: true, goog:chromeOptions: {debuggerAddress: localhost:57535}, goog:processID: 34988, networkConnectionEnabled: false, pageLoadStrategy: normal, platformName: windows, proxy: Proxy(), se:cdp: ws://localhost:57535/devtoo..., se:cdpVersion: 145.0.7632.117, setWindowRect: true, strictFileInteractability: false, timeouts: {implicit: 0, pageLoad: 300000, script: 30000}, unhandledPromptBehavior: dismiss and notify, webauthn:extension:credBlob: true, webauthn:extension:largeBlob: true, webauthn:extension:minPinLength: true, webauthn:extension:prf: true, webauthn:virtualAuthenticators: true}
Session ID: 2e209870979542450d3397c4c72883ba
at org.openqa.selenium.remote.ErrorCodec.decode(ErrorCodec.java:169)
at org.openqa.selenium.remote.codec.w3c.W3CHttpResponseCodec.decode(W3CHttpResponseCodec.java:142)
at org.openqa.selenium.remote.codec.w3c.W3CHttpResponseCodec.decode(W3CHttpResponseCodec.java:49)
at org.openqa.selenium.remote.HttpCommandExecutor.execute(HttpCommandExecutor.java:223)
at org.openqa.selenium.remote.service.DriverCommandExecutor.invokeExecute(DriverCommandExecutor.java:216)
at org.openqa.selenium.remote.service.DriverCommandExecutor.execute(DriverCommandExecutor.java:174)
at org.openqa.selenium.remote.RemoteWebDriver.execute(RemoteWebDriver.java:601)
at org.openqa.selenium.remote.ElementLocation$ElementFinder$2.findElement(ElementLocation.java:166)
at org.openqa.selenium.remote.ElementLocation.findElement(ElementLocation.java:60)
at org.openqa.selenium.remote.RemoteWebDriver.findElement(RemoteWebDriver.java:424)
at org.openqa.selenium.remote.RemoteWebDriver.findElement(RemoteWebDriver.java:418)
at org.openqa.selenium.support.pagefactory.DefaultElementLocator.findElement(DefaultElementLocator.java:68)
at org.openqa.selenium.support.pagefactory.internal.LocatingElementHandler.invoke(LocatingElementHandler.java:38)
at jdk.proxy2/jdk.proxy2.$Proxy30.click(Unknown Source)
at pageObject.homePage.clickLogout(homePage.java:105)
at testCases.TC_ST_LoginTest.verifyLogout(TC_ST_LoginTest.java:66)
at java.base/java.util.ArrayList.forEach(ArrayList.java:1596)
... Removed 25 stack frames]]>
    </failure>
  </testcase> <!-- verifyLogout -->
  <testcase classname="testCases.TC_ST_ProductTest" name="verifyAllProductsLoad" time="0.067"/>
  <testcase classname="testCases.TC_ST_ProductTest" name="verifyProductSearch" time="3.042"/>
  <testcase classname="testCases.TC_ST_ProductTest" name="verifyCategoryFilter" time="4.967"/>
  <testcase classname="testCases.TC_ST_AddToCartTest" name="testModalDisplayAndMessage" time="0.16">
    <failure type="java.lang.AssertionError" message="expected [true] but found [false]">
      <![CDATA[java.lang.AssertionError: expected [true] but found [false]
at testCases.TC_ST_AddToCartTest.testModalDisplayAndMessage(TC_ST_AddToCartTest.java:36)
at java.base/java.util.ArrayList.forEach(ArrayList.java:1596)
... Removed 29 stack frames]]>
    </failure>
  </testcase> <!-- testModalDisplayAndMessage -->
  <testcase classname="testCases.TC_ST_AddToCartTest" name="testViewCartNavigation" time="27.278"/>
  <testcase classname="testCases.TC_ST_AddToCartTest" name="testContinueShoppingFunctionality" time="1.358"/>
  <testcase classname="testCases.TC_ST_AddToCartTest" name="testSuccessTitleVisibility" time="0.063">
    <failure type="java.lang.AssertionError" message="expected [true] but found [false]">
      <![CDATA[java.lang.AssertionError: expected [true] but found [false]
at testCases.TC_ST_AddToCartTest.testSuccessTitleVisibility(TC_ST_AddToCartTest.java:72)
at java.base/java.util.ArrayList.forEach(ArrayList.java:1596)
... Removed 29 stack frames]]>
    </failure>
  </testcase> <!-- testSuccessTitleVisibility -->
  <testcase classname="testCases.TC_ST_CaartTests" name="testFirstItemDetails" time="0.269"/>
  <testcase classname="testCases.TC_ST_CaartTests" name="testCartTotalCalculation" time="0.233"/>
  <testcase classname="testCases.TC_ST_CaartTests" name="testRemoveProduct" time="12.386"/>
  <testcase classname="testCases.TC_ST_CaartTests" name="testContinueShoppingNavigation" time="0.001">
    <skipped/>
  </testcase> <!-- testContinueShoppingNavigation -->
  <testcase classname="testCases.TC_ST_checkoutTest" name="verifyCheckoutPageUI" time="0.073"/>
  <testcase classname="testCases.TC_ST_checkoutTest" name="verifyAddressConsistency" time="0.331"/>
  <testcase classname="testCases.TC_ST_checkoutTest" name="verifyCartCalculation" time="0.412"/>
  <testcase classname="testCases.TC_ST_checkoutTest" name="verifyOrderCommentsInput" time="0.595"/>
  <testcase classname="testCases.TC_ST_checkoutTest" name="verifyPlaceOrderNavigation" time="1.463"/>
</testsuite> <!-- Test -->
