<?xml version="1.0" encoding="UTF-8"?>
<testng-results ignored="0" total="5" passed="5" failed="0" skipped="0">
  <reporter-output>
  </reporter-output>
  <suite started-at="2026-02-27T02:07:43 IST" name="Default suite" finished-at="2026-02-27T02:08:51 IST" duration-ms="67458">
    <groups>
    </groups>
    <test started-at="2026-02-27T02:07:43 IST" name="Default test" finished-at="2026-02-27T02:08:51 IST" duration-ms="67458">
      <class name="testCases.TC_VD_Authentication">
        <test-method is-config="true" signature="setup()[pri:0, instance:testCases.TC_VD_Authentication@74e52ef6]" started-at="2026-02-27T02:07:43 IST" name="setup" finished-at="2026-02-27T02:07:52 IST" duration-ms="8634" status="PASS">
          <reporter-output>
          </reporter-output>
        </test-method> <!-- setup -->
        <test-method is-config="true" signature="init()[pri:0, instance:testCases.TC_VD_Authentication@74e52ef6]" started-at="2026-02-27T02:07:52 IST" name="init" finished-at="2026-02-27T02:07:52 IST" duration-ms="114" status="PASS">
          <reporter-output>
          </reporter-output>
        </test-method> <!-- init -->
        <test-method signature="verifyUserRegistration()[pri:1, instance:testCases.TC_VD_Authentication@74e52ef6]" started-at="2026-02-27T02:07:52 IST" name="verifyUserRegistration" finished-at="2026-02-27T02:08:27 IST" duration-ms="35131" status="PASS">
          <reporter-output>
          </reporter-output>
        </test-method> <!-- verifyUserRegistration -->
        <test-method is-config="true" signature="init()[pri:0, instance:testCases.TC_VD_Authentication@74e52ef6]" started-at="2026-02-27T02:08:27 IST" name="init" finished-at="2026-02-27T02:08:27 IST" duration-ms="11" status="PASS">
          <reporter-output>
          </reporter-output>
        </test-method> <!-- init -->
        <test-method signature="verifySignupWithExistingEmail()[pri:2, instance:testCases.TC_VD_Authentication@74e52ef6]" started-at="2026-02-27T02:08:27 IST" name="verifySignupWithExistingEmail" finished-at="2026-02-27T02:08:32 IST" depends-on-methods="testCases.TC_VD_Authentication.verifyUserRegistration" duration-ms="4913" status="PASS">
          <reporter-output>
          </reporter-output>
        </test-method> <!-- verifySignupWithExistingEmail -->
        <test-method is-config="true" signature="init()[pri:0, instance:testCases.TC_VD_Authentication@74e52ef6]" started-at="2026-02-27T02:08:32 IST" name="init" finished-at="2026-02-27T02:08:32 IST" duration-ms="37" status="PASS">
          <reporter-output>
          </reporter-output>
        </test-method> <!-- init -->
        <test-method signature="verifyInvalidLogin()[pri:3, instance:testCases.TC_VD_Authentication@74e52ef6]" started-at="2026-02-27T02:08:32 IST" name="verifyInvalidLogin" finished-at="2026-02-27T02:08:37 IST" duration-ms="4889" status="PASS">
          <reporter-output>
          </reporter-output>
        </test-method> <!-- verifyInvalidLogin -->
        <test-method is-config="true" signature="init()[pri:0, instance:testCases.TC_VD_Authentication@74e52ef6]" started-at="2026-02-27T02:08:37 IST" name="init" finished-at="2026-02-27T02:08:37 IST" duration-ms="9" status="PASS">
          <reporter-output>
          </reporter-output>
        </test-method> <!-- init -->
        <test-method signature="verifyValidLogin()[pri:4, instance:testCases.TC_VD_Authentication@74e52ef6]" started-at="2026-02-27T02:08:37 IST" name="verifyValidLogin" finished-at="2026-02-27T02:08:46 IST" depends-on-methods="testCases.TC_VD_Authentication.verifyUserRegistration" duration-ms="8252" status="PASS">
          <reporter-output>
          </reporter-output>
        </test-method> <!-- verifyValidLogin -->
        <test-method is-config="true" signature="init()[pri:0, instance:testCases.TC_VD_Authentication@74e52ef6]" started-at="2026-02-27T02:08:46 IST" name="init" finished-at="2026-02-27T02:08:46 IST" duration-ms="23" status="PASS">
          <reporter-output>
          </reporter-output>
        </test-method> <!-- init -->
        <test-method signature="verifyLogout()[pri:5, instance:testCases.TC_VD_Authentication@74e52ef6]" started-at="2026-02-27T02:08:46 IST" name="verifyLogout" finished-at="2026-02-27T02:08:49 IST" duration-ms="3177" status="PASS">
          <reporter-output>
          </reporter-output>
        </test-method> <!-- verifyLogout -->
        <test-method is-config="true" signature="tearDown()[pri:0, instance:testCases.TC_VD_Authentication@74e52ef6]" started-at="2026-02-27T02:08:49 IST" name="tearDown" finished-at="2026-02-27T02:08:51 IST" duration-ms="1863" status="PASS">
          <reporter-output>
          </reporter-output>
        </test-method> <!-- tearDown -->
      </class> <!-- testCases.TC_VD_Authentication -->
    </test> <!-- Default test -->
  </suite> <!-- Default suite -->
</testng-results>
