<?xml version="1.0" encoding="UTF-8"?>
<testng-results ignored="0" total="7" passed="7" failed="0" skipped="0">
  <reporter-output>
  </reporter-output>
  <suite started-at="2026-03-03T19:07:52 IST" name="Default suite" finished-at="2026-03-03T19:11:27 IST" duration-ms="215660">
    <groups>
    </groups>
    <test started-at="2026-03-03T19:07:52 IST" name="Default test" finished-at="2026-03-03T19:11:27 IST" duration-ms="215660">
      <class name="testCases.verifyUserRegistrationDDT">
        <test-method is-config="true" signature="setup()[pri:0, instance:testCases.verifyUserRegistrationDDT@3b0090a4]" started-at="2026-03-03T19:07:52 IST" name="setup" finished-at="2026-03-03T19:08:42 IST" duration-ms="50031" status="PASS">
          <reporter-output>
          </reporter-output>
        </test-method> <!-- setup -->
        <test-method is-config="true" signature="init()[pri:0, instance:testCases.verifyUserRegistrationDDT@3b0090a4]" started-at="2026-03-03T19:08:48 IST" name="init" finished-at="2026-03-03T19:08:48 IST" duration-ms="40" status="PASS">
          <reporter-output>
          </reporter-output>
        </test-method> <!-- init -->
        <test-method signature="verifyUserRegistration(java.lang.String,java.lang.String,java.lang.String,java.lang.String,java.lang.String,java.lang.String,java.lang.String,java.lang.String,java.lang.String,java.lang.String,java.lang.String,java.lang.String,java.lang.String,java.lang.String,java.lang.String)[pri:0, instance:testCases.verifyUserRegistrationDDT@3b0090a4]" started-at="2026-03-03T19:08:48 IST" name="verifyUserRegistration" data-provider="RegistrationData" finished-at="2026-03-03T19:09:25 IST" duration-ms="36902" status="PASS">
          <params>
            <param index="0">
              <value>
                <![CDATA[Amit]]>
              </value>
            </param>
            <param index="1">
              <value>
                <![CDATA[amit101@gmail.com]]>
              </value>
            </param>
            <param index="2">
              <value>
                <![CDATA[Pass@101]]>
              </value>
            </param>
            <param index="3">
              <value>
                <![CDATA[Mr]]>
              </value>
            </param>
            <param index="4">
              <value>
                <![CDATA[10]]>
              </value>
            </param>
            <param index="5">
              <value>
                <![CDATA[May]]>
              </value>
            </param>
            <param index="6">
              <value>
                <![CDATA[1998]]>
              </value>
            </param>
            <param index="7">
              <value>
                <![CDATA[Amit]]>
              </value>
            </param>
            <param index="8">
              <value>
                <![CDATA[Sharma]]>
              </value>
            </param>
            <param index="9">
              <value>
                <![CDATA[Street1]]>
              </value>
            </param>
            <param index="10">
              <value>
                <![CDATA[India]]>
              </value>
            </param>
            <param index="11">
              <value>
                <![CDATA[MP]]>
              </value>
            </param>
            <param index="12">
              <value>
                <![CDATA[Bhopal]]>
              </value>
            </param>
            <param index="13">
              <value>
                <![CDATA[462001]]>
              </value>
            </param>
            <param index="14">
              <value>
                <![CDATA[9876543210]]>
              </value>
            </param>
          </params>
          <reporter-output>
          </reporter-output>
        </test-method> <!-- verifyUserRegistration -->
        <test-method is-config="true" signature="init()[pri:0, instance:testCases.verifyUserRegistrationDDT@3b0090a4]" started-at="2026-03-03T19:09:25 IST" name="init" finished-at="2026-03-03T19:09:25 IST" duration-ms="6" status="PASS">
          <reporter-output>
          </reporter-output>
        </test-method> <!-- init -->
        <test-method signature="verifyUserRegistration(java.lang.String,java.lang.String,java.lang.String,java.lang.String,java.lang.String,java.lang.String,java.lang.String,java.lang.String,java.lang.String,java.lang.String,java.lang.String,java.lang.String,java.lang.String,java.lang.String,java.lang.String)[pri:0, instance:testCases.verifyUserRegistrationDDT@3b0090a4]" started-at="2026-03-03T19:09:25 IST" name="verifyUserRegistration" data-provider="RegistrationData" finished-at="2026-03-03T19:10:02 IST" duration-ms="37393" status="PASS">
          <params>
            <param index="0">
              <value>
                <![CDATA[Sneha]]>
              </value>
            </param>
            <param index="1">
              <value>
                <![CDATA[sneha102@gmail.com]]>
              </value>
            </param>
            <param index="2">
              <value>
                <![CDATA[Pass@102]]>
              </value>
            </param>
            <param index="3">
              <value>
                <![CDATA[Mrs]]>
              </value>
            </param>
            <param index="4">
              <value>
                <![CDATA[15]]>
              </value>
            </param>
            <param index="5">
              <value>
                <![CDATA[June]]>
              </value>
            </param>
            <param index="6">
              <value>
                <![CDATA[1995]]>
              </value>
            </param>
            <param index="7">
              <value>
                <![CDATA[Sneha]]>
              </value>
            </param>
            <param index="8">
              <value>
                <![CDATA[Verma]]>
              </value>
            </param>
            <param index="9">
              <value>
                <![CDATA[Street2]]>
              </value>
            </param>
            <param index="10">
              <value>
                <![CDATA[India]]>
              </value>
            </param>
            <param index="11">
              <value>
                <![CDATA[MH]]>
              </value>
            </param>
            <param index="12">
              <value>
                <![CDATA[Mumbai]]>
              </value>
            </param>
            <param index="13">
              <value>
                <![CDATA[400001]]>
              </value>
            </param>
            <param index="14">
              <value>
                <![CDATA[9123456789]]>
              </value>
            </param>
          </params>
          <reporter-output>
          </reporter-output>
        </test-method> <!-- verifyUserRegistration -->
        <test-method is-config="true" signature="init()[pri:0, instance:testCases.verifyUserRegistrationDDT@3b0090a4]" started-at="2026-03-03T19:10:02 IST" name="init" finished-at="2026-03-03T19:10:02 IST" duration-ms="43" status="PASS">
          <reporter-output>
          </reporter-output>
        </test-method> <!-- init -->
        <test-method signature="verifyUserRegistration(java.lang.String,java.lang.String,java.lang.String,java.lang.String,java.lang.String,java.lang.String,java.lang.String,java.lang.String,java.lang.String,java.lang.String,java.lang.String,java.lang.String,java.lang.String,java.lang.String,java.lang.String)[pri:0, instance:testCases.verifyUserRegistrationDDT@3b0090a4]" started-at="2026-03-03T19:10:02 IST" name="verifyUserRegistration" data-provider="RegistrationData" finished-at="2026-03-03T19:10:16 IST" duration-ms="14035" status="PASS">
          <params>
            <param index="0">
              <value>
                <![CDATA[Rahul]]>
              </value>
            </param>
            <param index="1">
              <value>
                <![CDATA[rahul103@gmail.com]]>
              </value>
            </param>
            <param index="2">
              <value>
                <![CDATA[Pass@103]]>
              </value>
            </param>
            <param index="3">
              <value>
                <![CDATA[Mr]]>
              </value>
            </param>
            <param index="4">
              <value>
                <![CDATA[5]]>
              </value>
            </param>
            <param index="5">
              <value>
                <![CDATA[January]]>
              </value>
            </param>
            <param index="6">
              <value>
                <![CDATA[1992]]>
              </value>
            </param>
            <param index="7">
              <value>
                <![CDATA[Rahul]]>
              </value>
            </param>
            <param index="8">
              <value>
                <![CDATA[Singh]]>
              </value>
            </param>
            <param index="9">
              <value>
                <![CDATA[LakeRoad]]>
              </value>
            </param>
            <param index="10">
              <value>
                <![CDATA[India]]>
              </value>
            </param>
            <param index="11">
              <value>
                <![CDATA[UP]]>
              </value>
            </param>
            <param index="12">
              <value>
                <![CDATA[Lucknow]]>
              </value>
            </param>
            <param index="13">
              <value>
                <![CDATA[226001]]>
              </value>
            </param>
            <param index="14">
              <value>
                <![CDATA[9988776655]]>
              </value>
            </param>
          </params>
          <reporter-output>
          </reporter-output>
        </test-method> <!-- verifyUserRegistration -->
        <test-method is-config="true" signature="init()[pri:0, instance:testCases.verifyUserRegistrationDDT@3b0090a4]" started-at="2026-03-03T19:10:16 IST" name="init" finished-at="2026-03-03T19:10:16 IST" duration-ms="17" status="PASS">
          <reporter-output>
          </reporter-output>
        </test-method> <!-- init -->
        <test-method signature="verifyUserRegistration(java.lang.String,java.lang.String,java.lang.String,java.lang.String,java.lang.String,java.lang.String,java.lang.String,java.lang.String,java.lang.String,java.lang.String,java.lang.String,java.lang.String,java.lang.String,java.lang.String,java.lang.String)[pri:0, instance:testCases.verifyUserRegistrationDDT@3b0090a4]" started-at="2026-03-03T19:10:16 IST" name="verifyUserRegistration" data-provider="RegistrationData" finished-at="2026-03-03T19:10:31 IST" duration-ms="14507" status="PASS">
          <params>
            <param index="0">
              <value>
                <![CDATA[Priya]]>
              </value>
            </param>
            <param index="1">
              <value>
                <![CDATA[priya104@gmail.com]]>
              </value>
            </param>
            <param index="2">
              <value>
                <![CDATA[Pass@104]]>
              </value>
            </param>
            <param index="3">
              <value>
                <![CDATA[Mrs]]>
              </value>
            </param>
            <param index="4">
              <value>
                <![CDATA[20]]>
              </value>
            </param>
            <param index="5">
              <value>
                <![CDATA[March]]>
              </value>
            </param>
            <param index="6">
              <value>
                <![CDATA[1997]]>
              </value>
            </param>
            <param index="7">
              <value>
                <![CDATA[Priya]]>
              </value>
            </param>
            <param index="8">
              <value>
                <![CDATA[Nair]]>
              </value>
            </param>
            <param index="9">
              <value>
                <![CDATA[MGRoad]]>
              </value>
            </param>
            <param index="10">
              <value>
                <![CDATA[India]]>
              </value>
            </param>
            <param index="11">
              <value>
                <![CDATA[KL]]>
              </value>
            </param>
            <param index="12">
              <value>
                <![CDATA[Kochi]]>
              </value>
            </param>
            <param index="13">
              <value>
                <![CDATA[682001]]>
              </value>
            </param>
            <param index="14">
              <value>
                <![CDATA[8899776655]]>
              </value>
            </param>
          </params>
          <reporter-output>
          </reporter-output>
        </test-method> <!-- verifyUserRegistration -->
        <test-method is-config="true" signature="init()[pri:0, instance:testCases.verifyUserRegistrationDDT@3b0090a4]" started-at="2026-03-03T19:10:31 IST" name="init" finished-at="2026-03-03T19:10:31 IST" duration-ms="19" status="PASS">
          <reporter-output>
          </reporter-output>
        </test-method> <!-- init -->
        <test-method signature="verifyUserRegistration(java.lang.String,java.lang.String,java.lang.String,java.lang.String,java.lang.String,java.lang.String,java.lang.String,java.lang.String,java.lang.String,java.lang.String,java.lang.String,java.lang.String,java.lang.String,java.lang.String,java.lang.String)[pri:0, instance:testCases.verifyUserRegistrationDDT@3b0090a4]" started-at="2026-03-03T19:10:31 IST" name="verifyUserRegistration" data-provider="RegistrationData" finished-at="2026-03-03T19:10:44 IST" duration-ms="12891" status="PASS">
          <params>
            <param index="0">
              <value>
                <![CDATA[Arjun]]>
              </value>
            </param>
            <param index="1">
              <value>
                <![CDATA[arjun105@gmail.com]]>
              </value>
            </param>
            <param index="2">
              <value>
                <![CDATA[Pass@105]]>
              </value>
            </param>
            <param index="3">
              <value>
                <![CDATA[Mr]]>
              </value>
            </param>
            <param index="4">
              <value>
                <![CDATA[12]]>
              </value>
            </param>
            <param index="5">
              <value>
                <![CDATA[July]]>
              </value>
            </param>
            <param index="6">
              <value>
                <![CDATA[1994]]>
              </value>
            </param>
            <param index="7">
              <value>
                <![CDATA[Arjun]]>
              </value>
            </param>
            <param index="8">
              <value>
                <![CDATA[Reddy]]>
              </value>
            </param>
            <param index="9">
              <value>
                <![CDATA[Jubilee]]>
              </value>
            </param>
            <param index="10">
              <value>
                <![CDATA[India]]>
              </value>
            </param>
            <param index="11">
              <value>
                <![CDATA[TS]]>
              </value>
            </param>
            <param index="12">
              <value>
                <![CDATA[Hyd]]>
              </value>
            </param>
            <param index="13">
              <value>
                <![CDATA[500033]]>
              </value>
            </param>
            <param index="14">
              <value>
                <![CDATA[9012345678]]>
              </value>
            </param>
          </params>
          <reporter-output>
          </reporter-output>
        </test-method> <!-- verifyUserRegistration -->
        <test-method is-config="true" signature="init()[pri:0, instance:testCases.verifyUserRegistrationDDT@3b0090a4]" started-at="2026-03-03T19:10:44 IST" name="init" finished-at="2026-03-03T19:10:44 IST" duration-ms="15" status="PASS">
          <reporter-output>
          </reporter-output>
        </test-method> <!-- init -->
        <test-method signature="verifyUserRegistration(java.lang.String,java.lang.String,java.lang.String,java.lang.String,java.lang.String,java.lang.String,java.lang.String,java.lang.String,java.lang.String,java.lang.String,java.lang.String,java.lang.String,java.lang.String,java.lang.String,java.lang.String)[pri:0, instance:testCases.verifyUserRegistrationDDT@3b0090a4]" started-at="2026-03-03T19:10:44 IST" name="verifyUserRegistration" data-provider="RegistrationData" finished-at="2026-03-03T19:11:14 IST" duration-ms="29669" status="PASS">
          <params>
            <param index="0">
              <value>
                <![CDATA[Kavya]]>
              </value>
            </param>
            <param index="1">
              <value>
                <![CDATA[kavya106@gmail.com]]>
              </value>
            </param>
            <param index="2">
              <value>
                <![CDATA[Pass@106]]>
              </value>
            </param>
            <param index="3">
              <value>
                <![CDATA[Mrs]]>
              </value>
            </param>
            <param index="4">
              <value>
                <![CDATA[25]]>
              </value>
            </param>
            <param index="5">
              <value>
                <![CDATA[August]]>
              </value>
            </param>
            <param index="6">
              <value>
                <![CDATA[1999]]>
              </value>
            </param>
            <param index="7">
              <value>
                <![CDATA[Kavya]]>
              </value>
            </param>
            <param index="8">
              <value>
                <![CDATA[Patel]]>
              </value>
            </param>
            <param index="9">
              <value>
                <![CDATA[RingRoad]]>
              </value>
            </param>
            <param index="10">
              <value>
                <![CDATA[India]]>
              </value>
            </param>
            <param index="11">
              <value>
                <![CDATA[GJ]]>
              </value>
            </param>
            <param index="12">
              <value>
                <![CDATA[Ahd]]>
              </value>
            </param>
            <param index="13">
              <value>
                <![CDATA[380001]]>
              </value>
            </param>
            <param index="14">
              <value>
                <![CDATA[9090909090]]>
              </value>
            </param>
          </params>
          <reporter-output>
          </reporter-output>
        </test-method> <!-- verifyUserRegistration -->
        <test-method is-config="true" signature="init()[pri:0, instance:testCases.verifyUserRegistrationDDT@3b0090a4]" started-at="2026-03-03T19:11:14 IST" name="init" finished-at="2026-03-03T19:11:14 IST" duration-ms="2" status="PASS">
          <reporter-output>
          </reporter-output>
        </test-method> <!-- init -->
        <test-method signature="verifyUserRegistration(java.lang.String,java.lang.String,java.lang.String,java.lang.String,java.lang.String,java.lang.String,java.lang.String,java.lang.String,java.lang.String,java.lang.String,java.lang.String,java.lang.String,java.lang.String,java.lang.String,java.lang.String)[pri:0, instance:testCases.verifyUserRegistrationDDT@3b0090a4]" started-at="2026-03-03T19:11:14 IST" name="verifyUserRegistration" data-provider="RegistrationData" finished-at="2026-03-03T19:11:26 IST" duration-ms="12089" status="PASS">
          <params>
            <param index="0">
              <value>
                <![CDATA[Manish]]>
              </value>
            </param>
            <param index="1">
              <value>
                <![CDATA[manish107@gmail.com]]>
              </value>
            </param>
            <param index="2">
              <value>
                <![CDATA[Pass@107]]>
              </value>
            </param>
            <param index="3">
              <value>
                <![CDATA[Mr]]>
              </value>
            </param>
            <param index="4">
              <value>
                <![CDATA[30]]>
              </value>
            </param>
            <param index="5">
              <value>
                <![CDATA[December]]>
              </value>
            </param>
            <param index="6">
              <value>
                <![CDATA[1993]]>
              </value>
            </param>
            <param index="7">
              <value>
                <![CDATA[Manish]]>
              </value>
            </param>
            <param index="8">
              <value>
                <![CDATA[Gupta]]>
              </value>
            </param>
            <param index="9">
              <value>
                <![CDATA[ParkStreet]]>
              </value>
            </param>
            <param index="10">
              <value>
                <![CDATA[India]]>
              </value>
            </param>
            <param index="11">
              <value>
                <![CDATA[WB]]>
              </value>
            </param>
            <param index="12">
              <value>
                <![CDATA[Kolkata]]>
              </value>
            </param>
            <param index="13">
              <value>
                <![CDATA[700016]]>
              </value>
            </param>
            <param index="14">
              <value>
                <![CDATA[9876501234]]>
              </value>
            </param>
          </params>
          <reporter-output>
          </reporter-output>
        </test-method> <!-- verifyUserRegistration -->
        <test-method is-config="true" signature="tearDown()[pri:0, instance:testCases.verifyUserRegistrationDDT@3b0090a4]" started-at="2026-03-03T19:11:26 IST" name="tearDown" finished-at="2026-03-03T19:11:27 IST" duration-ms="1626" status="PASS">
          <reporter-output>
          </reporter-output>
        </test-method> <!-- tearDown -->
      </class> <!-- testCases.verifyUserRegistrationDDT -->
    </test> <!-- Default test -->
  </suite> <!-- Default suite -->
</testng-results>
