<?xml version="1.0" encoding="UTF-8"?>
<!-- Generated by org.testng.reporters.JUnitReportReporter -->
<testsuite hostname="LAPTOP-AR20B9G4" failures="0" tests="5" name="testCases.TC_VD_Authentication" time="31.498" errors="0" timestamp="2026-02-27T10:48:14 IST" skipped="0">
  <testcase classname="testCases.TC_VD_Authentication" name="verifyUserRegistration" time="16.427"/>
  <testcase classname="testCases.TC_VD_Authentication" name="verifySignupWithExistingEmail" time="3.812"/>
  <testcase classname="testCases.TC_VD_Authentication" name="verifyInvalidLogin" time="2.579"/>
  <testcase classname="testCases.TC_VD_Authentication" name="verifyValidLogin" time="6.299"/>
  <testcase classname="testCases.TC_VD_Authentication" name="verifyLogout" time="2.381"/>
</testsuite> <!-- testCases.TC_VD_Authentication -->
