<?xml version="1.0" encoding="UTF-8"?>
<!-- Generated by org.testng.reporters.JUnitReportReporter -->
<testsuite hostname="LAPTOP-AR20B9G4" failures="0" tests="4" name="testCases.TC_ST_CaartTests" time="131.282" errors="0" timestamp="2026-02-28T00:19:13 IST" skipped="0">
  <testcase classname="testCases.TC_ST_CaartTests" name="testFirstItemDetails" time="31.020"/>
  <testcase classname="testCases.TC_ST_CaartTests" name="testCartTotalCalculation" time="8.650"/>
  <testcase classname="testCases.TC_ST_CaartTests" name="testRemoveProduct" time="37.088"/>
  <testcase classname="testCases.TC_ST_CaartTests" name="testContinueShoppingNavigation" time="54.524"/>
</testsuite> <!-- testCases.TC_ST_CaartTests -->
