<?xml version="1.0" encoding="UTF-8"?>
<!-- Generated by org.testng.reporters.JUnitReportReporter -->
<testsuite hostname="LAPTOP-AR20B9G4" failures="0" tests="4" name="testCases.TC_ST_AddToCartTest" time="149.133" errors="0" timestamp="2026-02-28T00:16:05 IST" skipped="0">
  <testcase classname="testCases.TC_ST_AddToCartTest" name="testModalDisplayAndMessage" time="40.468"/>
  <testcase classname="testCases.TC_ST_AddToCartTest" name="testViewCartNavigation" time="35.101"/>
  <testcase classname="testCases.TC_ST_AddToCartTest" name="testContinueShoppingFunctionality" time="41.759"/>
  <testcase classname="testCases.TC_ST_AddToCartTest" name="testSuccessTitleVisibility" time="31.805"/>
</testsuite> <!-- testCases.TC_ST_AddToCartTest -->
