<?xml version="1.0" encoding="UTF-8"?>
<!-- Generated by org.testng.reporters.JUnitReportReporter -->
<testsuite hostname="LAPTOP-AR20B9G4" failures="0" tests="5" name="testCases.TC_ST_checkoutTest" time="3.162" errors="0" timestamp="2026-02-28T00:22:18 IST" skipped="0">
  <testcase classname="testCases.TC_ST_checkoutTest" name="verifyCheckoutPageUI" time="0.069"/>
  <testcase classname="testCases.TC_ST_checkoutTest" name="verifyAddressConsistency" time="0.204"/>
  <testcase classname="testCases.TC_ST_checkoutTest" name="verifyCartCalculation" time="0.374"/>
  <testcase classname="testCases.TC_ST_checkoutTest" name="verifyOrderCommentsInput" time="0.587"/>
  <testcase classname="testCases.TC_ST_checkoutTest" name="verifyPlaceOrderNavigation" time="1.928"/>
</testsuite> <!-- testCases.TC_ST_checkoutTest -->
