<?xml version="1.0" encoding="UTF-8"?>
<!-- Generated by org.testng.reporters.JUnitReportReporter -->
<testsuite hostname="LAPTOP-AR20B9G4" failures="0" tests="4" name="testCases.TC_ST_CaartTests" time="246.453" errors="0" timestamp="2026-02-26T20:26:50 IST" skipped="0">
  <testcase classname="testCases.TC_ST_CaartTests" name="testFirstItemDetails" time="31.809"/>
  <testcase classname="testCases.TC_ST_CaartTests" name="testCartTotalCalculation" time="64.919"/>
  <testcase classname="testCases.TC_ST_CaartTests" name="testRemoveProduct" time="81.799"/>
  <testcase classname="testCases.TC_ST_CaartTests" name="testContinueShoppingNavigation" time="67.926"/>
</testsuite> <!-- testCases.TC_ST_CaartTests -->
