<?xml version="1.0" encoding="UTF-8"?>
<!-- Generated by org.testng.reporters.JUnitReportReporter -->
<testsuite hostname="LAPTOP-AR20B9G4" failures="0" tests="4" name="testCases.TC_ST_LoginTest" time="50.890" errors="0" timestamp="2026-02-27T23:49:26 IST" skipped="0">
  <testcase classname="testCases.TC_ST_LoginTest" name="testNewUserSignup" time="7.562"/>
  <testcase classname="testCases.TC_ST_LoginTest" name="verifyValidLogin" time="3.711"/>
  <testcase classname="testCases.TC_ST_LoginTest" name="verifyInvalidLogin" time="5.000"/>
  <testcase classname="testCases.TC_ST_LoginTest" name="verifyLogout" time="34.617"/>
</testsuite> <!-- testCases.TC_ST_LoginTest -->
