<?xml version="1.0" encoding="UTF-8"?>
<!-- Generated by org.testng.reporters.JUnitReportReporter -->
<testsuite hostname="LAPTOP-AR20B9G4" failures="0" tests="4" name="testCases.TC_ST_homePageTest" time="83.889" errors="0" timestamp="2026-02-27T23:02:36 IST" skipped="0">
  <testcase classname="testCases.TC_ST_homePageTest" name="verifyLogoVisibility" time="0.109"/>
  <testcase classname="testCases.TC_ST_homePageTest" name="verifyNavbarNavigation" time="82.483"/>
  <testcase classname="testCases.TC_ST_homePageTest" name="verifySubscription" time="0.800"/>
  <testcase classname="testCases.TC_ST_homePageTest" name="verifyScrollUpFunctionality" time="0.497"/>
</testsuite> <!-- testCases.TC_ST_homePageTest -->
