<?xml version="1.0" encoding="UTF-8"?>
<!-- Generated by org.testng.reporters.JUnitReportReporter -->
<testsuite hostname="DESKTOP-756FI5U" failures="0" tests="5" name="testCases.TC_VD_Authentication" time="56.556" errors="0" timestamp="2026-02-27T02:08:51 IST" skipped="0">
  <testcase classname="testCases.TC_VD_Authentication" name="verifyUserRegistration" time="35.154"/>
  <testcase classname="testCases.TC_VD_Authentication" name="verifySignupWithExistingEmail" time="5.027"/>
  <testcase classname="testCases.TC_VD_Authentication" name="verifyInvalidLogin" time="4.898"/>
  <testcase classname="testCases.TC_VD_Authentication" name="verifyValidLogin" time="8.263"/>
  <testcase classname="testCases.TC_VD_Authentication" name="verifyLogout" time="3.214"/>
</testsuite> <!-- testCases.TC_VD_Authentication -->
