<?xml version="1.0" encoding="UTF-8"?>
<!-- Generated by org.testng.reporters.JUnitReportReporter -->
<testsuite hostname="LAPTOP-AR20B9G4" failures="0" tests="3" name="testCases.TC_ST_ProductTest" time="139.695" errors="0" timestamp="2026-02-28T00:33:03 IST" skipped="0">
  <testcase classname="testCases.TC_ST_ProductTest" name="verifyAllProductsLoad" time="52.543"/>
  <testcase classname="testCases.TC_ST_ProductTest" name="verifyProductSearch" time="71.032"/>
  <testcase classname="testCases.TC_ST_ProductTest" name="verifyCategoryFilter" time="16.120"/>
</testsuite> <!-- testCases.TC_ST_ProductTest -->
