<?xml version="1.0" encoding="UTF-8"?>
<!-- Generated by org.testng.reporters.JUnitReportReporter -->
<testsuite hostname="LAPTOP-AR20B9G4" failures="0" tests="4" name="testCases.TC_ST_homePageTest" time="9.411" errors="0" timestamp="2026-02-26T13:47:08 IST" skipped="0">
  <testcase classname="testCases.TC_ST_homePageTest" name="verifyLogoVisibility" time="0.121"/>
  <testcase classname="testCases.TC_ST_homePageTest" name="verifyNavbarNavigation" time="8.164"/>
  <testcase classname="testCases.TC_ST_homePageTest" name="verifySubscription" time="0.639"/>
  <testcase classname="testCases.TC_ST_homePageTest" name="verifyScrollUpFunctionality" time="0.487"/>
</testsuite> <!-- testCases.TC_ST_homePageTest -->
