<?xml version="1.0" encoding="UTF-8"?>
<!-- Generated by org.testng.reporters.JUnitReportReporter -->
<testsuite hostname="DESKTOP-756FI5U" failures="0" tests="7" name="testCases.verifyUserRegistrationDDT" time="157.628" errors="0" timestamp="2026-03-03T19:11:28 IST" skipped="0">
  <testcase classname="testCases.verifyUserRegistrationDDT" name="verifyUserRegistration" time="37.399"/>
  <testcase classname="testCases.verifyUserRegistrationDDT" name="verifyUserRegistration" time="14.524"/>
  <testcase classname="testCases.verifyUserRegistrationDDT" name="verifyUserRegistration" time="29.709"/>
  <testcase classname="testCases.verifyUserRegistrationDDT" name="verifyUserRegistration" time="12.091"/>
  <testcase classname="testCases.verifyUserRegistrationDDT" name="verifyUserRegistration" time="12.934"/>
  <testcase classname="testCases.verifyUserRegistrationDDT" name="verifyUserRegistration" time="36.917"/>
  <testcase classname="testCases.verifyUserRegistrationDDT" name="verifyUserRegistration" time="14.054"/>
</testsuite> <!-- testCases.verifyUserRegistrationDDT -->
